# JRE version: OpenJDK Runtime Environment Microsoft-10800295 (17.0.14+7) (build 17.0.14+7-LTS)
# Java VM: OpenJDK 64-Bit Server VM Microsoft-10800295 (17.0.14+7-LTS, mixed mode, sharing, tiered, compressed oops, compressed class ptrs, g1 gc, windows-amd64)
GC Precious Log:
 CPUs: 4 total, 4 available
 Memory: 7114M
 Large Page Support: Disabled
 NUMA Support: Disabled
 Compressed Oops: Enabled (Zero based)
 Heap Region Size: 4M
 Heap Min Capacity: 8M
 Heap Initial Capacity: 112M
 Heap Max Capacity: 4608M
 Pre-touch: Disabled
 Parallel Workers: 4
 Concurrent Workers: 1
 Concurrent Refinement Workers: 4
 Periodic GC: Disabled
Heap:
 garbage-first heap   total 1290240K, used 218142K [0x00000006e0000000, 0x0000000800000000)
  region size 4096K, 3 young (12288K), 3 survivors (12288K)
 Metaspace       used 76894K, committed 77952K, reserved 1179648K
  class space    used 10111K, committed 10688K, reserved 1048576K
GC Heap History (20 events):
Event: 1718.916 GC heap after
{Heap after GC invocations=93 (full 0):
 garbage-first heap   total 630784K, used 170254K [0x00000006e0000000, 0x0000000800000000)
  region size 4096K, 5 young (20480K), 5 survivors (20480K)
 Metaspace       used 76556K, committed 77760K, reserved 1179648K
  class space    used 10109K, committed 10688K, reserved 1048576K
}
Event: 1718.932 GC heap before
{Heap before GC invocations=93 (full 0):
 garbage-first heap   total 630784K, used 178446K [0x00000006e0000000, 0x0000000800000000)
  region size 4096K, 8 young (32768K), 5 survivors (20480K)
 Metaspace       used 76556K, committed 77760K, reserved 1179648K
  class space    used 10109K, committed 10688K, reserved 1048576K
}
Event: 1719.061 GC heap after
{Heap after GC invocations=94 (full 0):
 garbage-first heap   total 1290240K, used 169040K [0x00000006e0000000, 0x0000000800000000)
  region size 4096K, 1 young (4096K), 1 survivors (4096K)
 Metaspace       used 76556K, committed 77760K, reserved 1179648K
  class space    used 10109K, committed 10688K, reserved 1048576K
}
Event: 1729.331 GC heap before
{Heap before GC invocations=94 (full 0):
 garbage-first heap   total 1290240K, used 779344K [0x00000006e0000000, 0x0000000800000000)
  region size 4096K, 151 young (618496K), 1 survivors (4096K)
 Metaspace       used 76634K, committed 77760K, reserved 1179648K
  class space    used 10109K, committed 10688K, reserved 1048576K
}
Event: 1729.971 GC heap after
{Heap after GC invocations=95 (full 0):
 garbage-first heap   total 1290240K, used 204913K [0x00000006e0000000, 0x0000000800000000)
  region size 4096K, 11 young (45056K), 11 survivors (45056K)
 Metaspace       used 76634K, committed 77760K, reserved 1179648K
  class space    used 10109K, committed 10688K, reserved 1048576K
}
Event: 1732.159 GC heap before
{Heap before GC invocations=95 (full 0):
 garbage-first heap   total 1290240K, used 278641K [0x00000006e0000000, 0x0000000800000000)
  region size 4096K, 29 young (118784K), 11 survivors (45056K)
 Metaspace       used 76650K, committed 77760K, reserved 1179648K
  class space    used 10109K, committed 10688K, reserved 1048576K
}
Event: 1732.458 GC heap after
{Heap after GC invocations=96 (full 0):
 garbage-first heap   total 1290240K, used 210069K [0x00000006e0000000, 0x0000000800000000)
  region size 4096K, 2 young (8192K), 2 survivors (8192K)
 Metaspace       used 76650K, committed 77760K, reserved 1179648K
  class space    used 10109K, committed 10688K, reserved 1048576K
}
Event: 1733.573 GC heap before
{Heap before GC invocations=96 (full 0):
 garbage-first heap   total 1290240K, used 357525K [0x00000006e0000000, 0x0000000800000000)
  region size 4096K, 38 young (155648K), 2 survivors (8192K)
 Metaspace       used 76665K, committed 77760K, reserved 1179648K
  class space    used 10109K, committed 10688K, reserved 1048576K
}
Event: 1733.584 GC heap after
{Heap after GC invocations=97 (full 0):
 garbage-first heap   total 1290240K, used 207695K [0x00000006e0000000, 0x0000000800000000)
  region size 4096K, 1 young (4096K), 1 survivors (4096K)
 Metaspace       used 76665K, committed 77760K, reserved 1179648K
  class space    used 10109K, committed 10688K, reserved 1048576K
}
Event: 1738.566 GC heap before
{Heap before GC invocations=97 (full 0):
 garbage-first heap   total 1290240K, used 707407K [0x00000006e0000000, 0x0000000800000000)
  region size 4096K, 124 young (507904K), 1 survivors (4096K)
 Metaspace       used 76722K, committed 77824K, reserved 1179648K
  class space    used 10109K, committed 10688K, reserved 1048576K
}
Event: 1738.605 GC heap after
{Heap after GC invocations=98 (full 0):
 garbage-first heap   total 1290240K, used 210005K [0x00000006e0000000, 0x0000000800000000)
  region size 4096K, 2 young (8192K), 2 survivors (8192K)
 Metaspace       used 76722K, committed 77824K, reserved 1179648K
  class space    used 10109K, committed 10688K, reserved 1048576K
}
Event: 1746.370 GC heap before
{Heap before GC invocations=98 (full 0):
 garbage-first heap   total 1290240K, used 955477K [0x00000006e0000000, 0x0000000800000000)
  region size 4096K, 184 young (753664K), 2 survivors (8192K)
 Metaspace       used 76785K, committed 77888K, reserved 1179648K
  class space    used 10109K, committed 10688K, reserved 1048576K
}
Event: 1746.446 GC heap after
{Heap after GC invocations=99 (full 0):
 garbage-first heap   total 1290240K, used 214565K [0x00000006e0000000, 0x0000000800000000)
  region size 4096K, 3 young (12288K), 3 survivors (12288K)
 Metaspace       used 76785K, committed 77888K, reserved 1179648K
  class space    used 10109K, committed 10688K, reserved 1048576K
}
Event: 1751.039 GC heap before
{Heap before GC invocations=99 (full 0):
 garbage-first heap   total 1290240K, used 800293K [0x00000006e0000000, 0x0000000800000000)
  region size 4096K, 146 young (598016K), 3 survivors (12288K)
 Metaspace       used 76786K, committed 77888K, reserved 1179648K
  class space    used 10109K, committed 10688K, reserved 1048576K
}
Event: 1751.204 GC heap after
{Heap after GC invocations=100 (full 0):
 garbage-first heap   total 1290240K, used 219362K [0x00000006e0000000, 0x0000000800000000)
  region size 4096K, 4 young (16384K), 4 survivors (16384K)
 Metaspace       used 76786K, committed 77888K, reserved 1179648K
  class space    used 10109K, committed 10688K, reserved 1048576K
}
Event: 1754.835 GC heap before
{Heap before GC invocations=101 (full 0):
 garbage-first heap   total 1290240K, used 497890K [0x00000006e0000000, 0x0000000800000000)
  region size 4096K, 72 young (294912K), 4 survivors (16384K)
 Metaspace       used 76793K, committed 77888K, reserved 1179648K
  class space    used 10109K, committed 10688K, reserved 1048576K
}
Event: 1754.871 GC heap after
{Heap after GC invocations=102 (full 0):
 garbage-first heap   total 1290240K, used 216730K [0x00000006e0000000, 0x0000000800000000)
  region size 4096K, 3 young (12288K), 3 survivors (12288K)
 Metaspace       used 76793K, committed 77888K, reserved 1179648K
  class space    used 10109K, committed 10688K, reserved 1048576K
}
Event: 1756.022 GC heap before
{Heap before GC invocations=102 (full 0):
 garbage-first heap   total 1290240K, used 265882K [0x00000006e0000000, 0x0000000800000000)
  region size 4096K, 15 young (61440K), 3 survivors (12288K)
 Metaspace       used 76799K, committed 77888K, reserved 1179648K
  class space    used 10109K, committed 10688K, reserved 1048576K
}
Event: 1756.096 GC heap after
{Heap after GC invocations=103 (full 0):
 garbage-first heap   total 1290240K, used 205390K [0x00000006e0000000, 0x0000000800000000)
  region size 4096K, 1 young (4096K), 1 survivors (4096K)
 Metaspace       used 76799K, committed 77888K, reserved 1179648K
  class space    used 10109K, committed 10688K, reserved 1048576K
}
Event: 1763.728 GC heap before
{Heap before GC invocations=103 (full 0):
 garbage-first heap   total 1290240K, used 840270K [0x00000006e0000000, 0x0000000800000000)
  region size 4096K, 155 young (634880K), 1 survivors (4096K)
 Metaspace       used 76894K, committed 77952K, reserved 1179648K
  class space    used 10111K, committed 10688K, reserved 1048576K
}

